2015-05-06 16:43:19,043 - Velocimacro : allowInlineLocal = false : VMs defined inline will be global in scope if allowed.
2015-05-06 16:43:19,044 - Velocimacro : autoload off : VM system will not automatically reload global library macros
2015-05-06 16:43:19,050 - ResourceManager : found /it/seda/generator/templates/ModelMapper.vm with loader org.apache.velocity.runtime.resource.loader.ClasspathResourceLoader
2015-05-06 16:43:19,058 - Log4JLogChute initialized using file 'velocity.log'
2015-05-06 16:43:19,058 - Initializing Velocity, Calling init()...
2015-05-06 16:43:19,058 - Starting Apache Velocity v1.7 (compiled: 2010-11-19 12:14:37)
2015-05-06 16:43:19,058 - Default Properties File: org/apache/velocity/runtime/defaults/velocity.properties
2015-05-06 16:43:19,058 - Trying to use logger class org.apache.velocity.runtime.log.AvalonLogChute
2015-05-06 16:43:19,059 - Target log system for org.apache.velocity.runtime.log.AvalonLogChute is not available (java.lang.NoClassDefFoundError: org/apache/log/format/Formatter).  Falling back to next log system...
2015-05-06 16:43:19,059 - Trying to use logger class org.apache.velocity.runtime.log.Log4JLogChute
2015-05-06 16:43:19,059 - Using logger class org.apache.velocity.runtime.log.Log4JLogChute
2015-05-06 16:43:19,059 - ResourceLoader instantiated: org.apache.velocity.runtime.resource.loader.ClasspathResourceLoader
2015-05-06 16:43:19,060 - ResourceCache: initialized (class org.apache.velocity.runtime.resource.ResourceCacheImpl) with class java.util.Collections$SynchronizedMap cache map.
2015-05-06 16:43:19,061 - Loaded System Directive: org.apache.velocity.runtime.directive.Stop
2015-05-06 16:43:19,061 - Loaded System Directive: org.apache.velocity.runtime.directive.Define
2015-05-06 16:43:19,061 - Loaded System Directive: org.apache.velocity.runtime.directive.Break
2015-05-06 16:43:19,061 - Loaded System Directive: org.apache.velocity.runtime.directive.Evaluate
2015-05-06 16:43:19,062 - Loaded System Directive: org.apache.velocity.runtime.directive.Literal
2015-05-06 16:43:19,062 - Loaded System Directive: org.apache.velocity.runtime.directive.Macro
2015-05-06 16:43:19,062 - Loaded System Directive: org.apache.velocity.runtime.directive.Parse
2015-05-06 16:43:19,063 - Loaded System Directive: org.apache.velocity.runtime.directive.Include
2015-05-06 16:43:19,063 - Loaded System Directive: org.apache.velocity.runtime.directive.Foreach
2015-05-06 16:43:19,066 - Created '20' parsers.
2015-05-06 16:43:19,067 - Velocimacro : "velocimacro.library" is not set.  Trying default library: VM_global_library.vm
2015-05-06 16:43:19,067 - Could not load resource 'VM_global_library.vm' from ResourceLoader org.apache.velocity.runtime.resource.loader.ClasspathResourceLoader: ClasspathResourceLoader Error: cannot find resource VM_global_library.vm
2015-05-06 16:43:19,068 - Velocimacro : Default library not found.
2015-05-06 16:43:19,068 - Velocimacro : allowInline = true : VMs can be defined inline in templates
2015-05-06 16:43:19,068 - Velocimacro : allowInlineToOverride = false : VMs defined inline may NOT replace previous VM definitions
2015-05-06 16:43:19,068 - Velocimacro : allowInlineLocal = false : VMs defined inline will be global in scope if allowed.
2015-05-06 16:43:19,068 - Velocimacro : autoload off : VM system will not automatically reload global library macros
2015-05-06 16:43:19,081 - ResourceManager : found /it/seda/generator/templates/MyBatisMapper.vm with loader org.apache.velocity.runtime.resource.loader.ClasspathResourceLoader
2015-05-06 16:43:19,096 - Log4JLogChute initialized using file 'velocity.log'
2015-05-06 16:43:19,096 - Initializing Velocity, Calling init()...
2015-05-06 16:43:19,096 - Starting Apache Velocity v1.7 (compiled: 2010-11-19 12:14:37)
2015-05-06 16:43:19,096 - Default Properties File: org/apache/velocity/runtime/defaults/velocity.properties
2015-05-06 16:43:19,097 - Trying to use logger class org.apache.velocity.runtime.log.AvalonLogChute
2015-05-06 16:43:19,097 - Target log system for org.apache.velocity.runtime.log.AvalonLogChute is not available (java.lang.NoClassDefFoundError: org/apache/log/format/Formatter).  Falling back to next log system...
2015-05-06 16:43:19,097 - Trying to use logger class org.apache.velocity.runtime.log.Log4JLogChute
2015-05-06 16:43:19,097 - Using logger class org.apache.velocity.runtime.log.Log4JLogChute
2015-05-06 16:43:19,098 - ResourceLoader instantiated: org.apache.velocity.runtime.resource.loader.ClasspathResourceLoader
2015-05-06 16:43:19,098 - ResourceCache: initialized (class org.apache.velocity.runtime.resource.ResourceCacheImpl) with class java.util.Collections$SynchronizedMap cache map.
2015-05-06 16:43:19,099 - Loaded System Directive: org.apache.velocity.runtime.directive.Stop
2015-05-06 16:43:19,099 - Loaded System Directive: org.apache.velocity.runtime.directive.Define
2015-05-06 16:43:19,100 - Loaded System Directive: org.apache.velocity.runtime.directive.Break
2015-05-06 16:43:19,100 - Loaded System Directive: org.apache.velocity.runtime.directive.Evaluate
2015-05-06 16:43:19,100 - Loaded System Directive: org.apache.velocity.runtime.directive.Literal
2015-05-06 16:43:19,100 - Loaded System Directive: org.apache.velocity.runtime.directive.Macro
2015-05-06 16:43:19,101 - Loaded System Directive: org.apache.velocity.runtime.directive.Parse
2015-05-06 16:43:19,101 - Loaded System Directive: org.apache.velocity.runtime.directive.Include
2015-05-06 16:43:19,101 - Loaded System Directive: org.apache.velocity.runtime.directive.Foreach
2015-05-06 16:43:19,105 - Created '20' parsers.
2015-05-06 16:43:19,105 - Velocimacro : "velocimacro.library" is not set.  Trying default library: VM_global_library.vm
2015-05-06 16:43:19,106 - Could not load resource 'VM_global_library.vm' from ResourceLoader org.apache.velocity.runtime.resource.loader.ClasspathResourceLoader: ClasspathResourceLoader Error: cannot find resource VM_global_library.vm
2015-05-06 16:43:19,106 - Velocimacro : Default library not found.
2015-05-06 16:43:19,106 - Velocimacro : allowInline = true : VMs can be defined inline in templates
2015-05-06 16:43:19,107 - Velocimacro : allowInlineToOverride = false : VMs defined inline may NOT replace previous VM definitions
2015-05-06 16:43:19,107 - Velocimacro : allowInlineLocal = false : VMs defined inline will be global in scope if allowed.
2015-05-06 16:43:19,107 - Velocimacro : autoload off : VM system will not automatically reload global library macros
2015-05-06 16:43:19,117 - ResourceManager : found /it/seda/generator/templates/Service.vm with loader org.apache.velocity.runtime.resource.loader.ClasspathResourceLoader
- Loaded System Directive: org.apache.velocity.runtime.directive.Evaluate
2015-05-06 16:43:19,100 - Loaded System Directive: org.apache.velocity.runtime.directive.Evaluate
2015-05-06 16:43:19,100 - Loaded System Directive: org.apache.velocity.runtime.directive.Literal
2015-05-06 16:43:19,100 - Loaded System Directive: org.apache.velocity.runtime.directive.Literal
2015-05-06 16:43:19,100 - Loaded System Directive: org.apache.velocity.runtime.directive.Macro
2015-05-06 16:43:19,100 - Loaded System Directive: org.apache.velocity.runtime.directive.Macro
2015-05-06 16:43:19,101 - Loaded System Directive: org.apache.velocity.runtime.directive.Parse
2015-05-06 16:43:19,101 - Loaded System Directive: org.apache.velocity.runtime.directive.Parse
2015-05-06 16:43:19,101 - Loaded System Directive: org.apache.velocity.runtime.directive.Include
2015-05-06 16:43:19,101 - Loaded System Directive: org.apache.velocity.runtime.directive.Include
2015-05-06 16:43:19,101 - Loaded System Directive: org.apache.velocity.runtime.directive.Foreach
2015-05-06 16:43:19,101 - Loaded System Directive: org.apache.velocity.runtime.directive.Foreach
2015-05-06 16:43:19,105 - Created '20' parsers.
2015-05-06 16:43:19,105 - Created '20' parsers.
2015-05-06 16:43:19,105 - Velocimacro : "velocimacro.library" is not set.  Trying default library: VM_global_library.vm
2015-05-06 16:43:19,105 - Velocimacro : "velocimacro.library" is not set.  Trying default library: VM_global_library.vm
2015-05-06 16:43:19,106 - Could not load resource 'VM_global_library.vm' from ResourceLoader org.apache.velocity.runtime.resource.loader.ClasspathResourceLoader: ClasspathResourceLoader Error: cannot find resource VM_global_library.vm
2015-05-06 16:43:19,106 - Could not load resource 'VM_global_library.vm' from ResourceLoader org.apache.velocity.runtime.resource.loader.ClasspathResourceLoader: ClasspathResourceLoader Error: cannot find resource VM_global_library.vm
2015-05-06 16:43:19,106 - Velocimacro : Default library not found.
2015-05-06 16:43:19,106 - Velocimacro : Default library not found.
2015-05-06 16:43:19,106 - Velocimacro : allowInline = true : VMs can be defined inline in templates
2015-05-06 16:43:19,106 - Velocimacro : allowInline = true : VMs can be defined inline in templates
2015-05-06 16:43:19,107 - Velocimacro : allowInlineToOverride = false : VMs defined inline may NOT replace previous VM definitions
2015-05-06 16:43:19,107 - Velocimacro : allowInlineToOverride = false : VMs defined inline may NOT replace previous VM definitions
2015-05-06 16:43:19,107 - Velocimacro : allowInlineLocal = false : VMs defined inline will be global in scope if allowed.
2015-05-06 16:43:19,107 - Velocimacro : allowInlineLocal = false : VMs defined inline will be global in scope if allowed.
2015-05-06 16:43:19,107 - Velocimacro : autoload off : VM system will not automatically reload global library macros
2015-05-06 16:43:19,107 - Velocimacro : autoload off : VM system will not automatically reload global library macros
2015-05-06 16:43:19,117 - ResourceManager : found /it/seda/generator/templates/Service.vm with loader org.apache.velocity.runtime.resource.loader.ClasspathResourceLoader
2015-05-06 16:43:19,117 - ResourceManager : found /it/seda/generator/templates/Service.vm with loader org.apache.velocity.runtime.resource.loader.ClasspathResourceLoader
